2021-04-10T14:05:33+00:00 CRITICAL require(): Failed opening required '/home/pakshopping/public_html/wp-content/plugins/woocommerce/packages/woocommerce-blocks/src/StoreApi/Schemas/BillingAddressSchema.php' (include_path='.:/opt/alt/php74/usr/share/pear') in /home/pakshopping/public_html/wp-content/plugins/woocommerce/vendor/jetpack-autoloader/class-php-autoloader.php on line 87

2021-04-10T14:06:03+00:00 CRITICAL require(): Failed opening required '/home/pakshopping/public_html/wp-content/plugins/woocommerce/packages/woocommerce-admin/src/Features/CouponsMovedTrait.php' (include_path='.:/opt/alt/php74/usr/share/pear') in /home/pakshopping/public_html/wp-content/plugins/woocommerce/vendor/jetpack-autoloader/class-php-autoloader.php on line 87

2021-04-10T14:06:03+00:00 CRITICAL require(): Failed opening required '/home/pakshopping/public_html/wp-content/plugins/woocommerce/packages/woocommerce-admin/src/Features/CouponsMovedTrait.php' (include_path='.:/opt/alt/php74/usr/share/pear') in /home/pakshopping/public_html/wp-content/plugins/woocommerce/vendor/jetpack-autoloader/class-php-autoloader.php on line 87

2021-04-10T14:06:54+00:00 CRITICAL require(): Failed opening required '/home/pakshopping/public_html/wp-content/plugins/woocommerce/packages/woocommerce-admin/src/Notes/SellingOnlineCourses.php' (include_path='.:/opt/alt/php74/usr/share/pear') in /home/pakshopping/public_html/wp-content/plugins/woocommerce/vendor/jetpack-autoloader/class-php-autoloader.php on line 87

2021-04-10T14:06:54+00:00 CRITICAL require(): Failed opening required '/home/pakshopping/public_html/wp-content/plugins/woocommerce/packages/woocommerce-admin/src/Notes/SellingOnlineCourses.php' (include_path='.:/opt/alt/php74/usr/share/pear') in /home/pakshopping/public_html/wp-content/plugins/woocommerce/vendor/jetpack-autoloader/class-php-autoloader.php on line 87

2021-04-10T14:07:38+00:00 CRITICAL require_once(): Failed opening required '/home/pakshopping/public_html/wp-content/plugins/facebook-for-woocommerce/vendor/skyverge/wc-plugin-framework/woocommerce/class-sv-wc-plugin.php' (include_path='.:/opt/alt/php74/usr/share/pear') in /home/pakshopping/public_html/wp-content/plugins/facebook-for-woocommerce/facebook-for-woocommerce.php on line 127

2021-04-10T14:07:38+00:00 CRITICAL require_once(): Failed opening required '/home/pakshopping/public_html/wp-content/plugins/facebook-for-woocommerce/vendor/skyverge/wc-plugin-framework/woocommerce/class-sv-wc-plugin.php' (include_path='.:/opt/alt/php74/usr/share/pear') in /home/pakshopping/public_html/wp-content/plugins/facebook-for-woocommerce/facebook-for-woocommerce.php on line 127

2021-04-10T14:08:29+00:00 CRITICAL require_once(): Failed opening required '/home/pakshopping/public_html/wp-content/plugins/yith-woocommerce-wishlist/plugin-fw/yit-functions.php' (include_path='.:/opt/alt/php74/usr/share/pear') in /home/pakshopping/public_html/wp-content/plugins/yith-woocommerce-wishlist/plugin-fw/yit-plugin.php on line 16

2021-04-10T14:08:29+00:00 CRITICAL require_once(): Failed opening required '/home/pakshopping/public_html/wp-content/plugins/yith-woocommerce-wishlist/plugin-fw/yit-functions.php' (include_path='.:/opt/alt/php74/usr/share/pear') in /home/pakshopping/public_html/wp-content/plugins/yith-woocommerce-wishlist/plugin-fw/yit-plugin.php on line 16

2021-04-10T14:08:29+00:00 CRITICAL require_once(): Failed opening required '/home/pakshopping/public_html/wp-content/plugins/yith-woocommerce-wishlist/plugin-fw/yit-functions.php' (include_path='.:/opt/alt/php74/usr/share/pear') in /home/pakshopping/public_html/wp-content/plugins/yith-woocommerce-wishlist/plugin-fw/yit-plugin.php on line 16

2021-04-10T14:08:29+00:00 CRITICAL require_once(): Failed opening required '/home/pakshopping/public_html/wp-content/plugins/yith-woocommerce-wishlist/plugin-fw/yit-functions.php' (include_path='.:/opt/alt/php74/usr/share/pear') in /home/pakshopping/public_html/wp-content/plugins/yith-woocommerce-wishlist/plugin-fw/yit-plugin.php on line 16

2021-04-10T14:08:29+00:00 CRITICAL require_once(): Failed opening required '/home/pakshopping/public_html/wp-content/plugins/yith-woocommerce-wishlist/plugin-fw/yit-functions.php' (include_path='.:/opt/alt/php74/usr/share/pear') in /home/pakshopping/public_html/wp-content/plugins/yith-woocommerce-wishlist/plugin-fw/yit-plugin.php on line 16

2021-04-10T14:08:29+00:00 CRITICAL require_once(): Failed opening required '/home/pakshopping/public_html/wp-content/plugins/yith-woocommerce-wishlist/plugin-fw/yit-functions.php' (include_path='.:/opt/alt/php74/usr/share/pear') in /home/pakshopping/public_html/wp-content/plugins/yith-woocommerce-wishlist/plugin-fw/yit-plugin.php on line 16

2021-04-10T14:08:29+00:00 CRITICAL require_once(): Failed opening required '/home/pakshopping/public_html/wp-content/plugins/yith-woocommerce-wishlist/plugin-fw/yit-functions.php' (include_path='.:/opt/alt/php74/usr/share/pear') in /home/pakshopping/public_html/wp-content/plugins/yith-woocommerce-wishlist/plugin-fw/yit-plugin.php on line 16

2021-04-10T14:08:29+00:00 CRITICAL require_once(): Failed opening required '/home/pakshopping/public_html/wp-content/plugins/yith-woocommerce-wishlist/plugin-fw/yit-functions.php' (include_path='.:/opt/alt/php74/usr/share/pear') in /home/pakshopping/public_html/wp-content/plugins/yith-woocommerce-wishlist/plugin-fw/yit-plugin.php on line 16

2021-04-10T14:10:17+00:00 CRITICAL require(): Failed opening required '/home/pakshopping/public_html/wp-content/plugins/woocommerce/packages/woocommerce-admin/src/Loader.php' (include_path='.:/opt/alt/php74/usr/share/pear') in /home/pakshopping/public_html/wp-content/plugins/woocommerce/vendor/jetpack-autoloader/class-php-autoloader.php on line 87

2021-04-10T14:10:49+00:00 CRITICAL Uncaught Error: Class 'WC_Integrations' not found in /home/pakshopping/public_html/wp-content/plugins/woocommerce/includes/class-woocommerce.php:585
Stack trace:
#0 /home/pakshopping/public_html/wp-includes/class-wp-hook.php(292): WooCommerce->init('')
#1 /home/pakshopping/public_html/wp-includes/class-wp-hook.php(316): WP_Hook->apply_filters(NULL, Array)
#2 /home/pakshopping/public_html/wp-includes/plugin.php(484): WP_Hook->do_action(Array)
#3 /home/pakshopping/public_html/wp-settings.php(560): do_action('init')
#4 /home/pakshopping/public_html/wp-config.php(80): require_once('/home/pakshoppi...')
#5 /home/pakshopping/public_html/wp-load.php(37): require_once('/home/pakshoppi...')
#6 /home/pakshopping/public_html/wp-admin/admin-ajax.php(22): require_once('/home/pakshoppi...')
#7 {main}
  thrown in /home/pakshopping/public_html/wp-content/plugins/woocommerce/includes/class-woocommerce.php on line 585

2021-04-10T14:11:34+00:00 CRITICAL require_once(): Failed opening required '/home/pakshopping/public_html/wp-admin/includes/class-wp-site-health.php' (include_path='.:/opt/alt/php74/usr/share/pear') in /home/pakshopping/public_html/wp-settings.php on line 542

2021-04-10T14:11:34+00:00 CRITICAL require_once(): Failed opening required '/home/pakshopping/public_html/wp-admin/includes/class-wp-site-health.php' (include_path='.:/opt/alt/php74/usr/share/pear') in /home/pakshopping/public_html/wp-settings.php on line 542

2021-04-10T14:11:34+00:00 CRITICAL require_once(): Failed opening required '/home/pakshopping/public_html/wp-admin/includes/class-wp-site-health.php' (include_path='.:/opt/alt/php74/usr/share/pear') in /home/pakshopping/public_html/wp-settings.php on line 542

2021-04-10T14:12:44+00:00 CRITICAL require(): Failed opening required '/home/pakshopping/public_html/wp-content/plugins/elementor//includes/managers/skins.php' (include_path='.:/opt/alt/php74/usr/share/pear') in /home/pakshopping/public_html/wp-content/plugins/elementor/includes/autoloader.php on line 294

2021-04-10T14:12:44+00:00 CRITICAL require(): Failed opening required '/home/pakshopping/public_html/wp-content/plugins/elementor/includes/base/skin-base.php' (include_path='.:/opt/alt/php74/usr/share/pear') in /home/pakshopping/public_html/wp-content/plugins/elementor/includes/managers/skins.php on line 111

2021-04-10T14:12:44+00:00 CRITICAL require(): Failed opening required '/home/pakshopping/public_html/wp-content/plugins/elementor/includes/base/skin-base.php' (include_path='.:/opt/alt/php74/usr/share/pear') in /home/pakshopping/public_html/wp-content/plugins/elementor/includes/managers/skins.php on line 111

2021-04-10T14:17:57+00:00 CRITICAL require_once(): Failed opening required '/home/pakshopping/public_html/wp-content/plugins/facebook-for-woocommerce/includes/Utilities/Shipment.php' (include_path='.:/opt/alt/php74/usr/share/pear') in /home/pakshopping/public_html/wp-content/plugins/facebook-for-woocommerce/class-wc-facebookcommerce.php on line 156

2021-04-10T14:18:40+00:00 CRITICAL require(): Failed opening required '/home/pakshopping/public_html/wp-content/plugins/elementor/modules/admin-bar/module.php' (include_path='.:/opt/alt/php74/usr/share/pear') in /home/pakshopping/public_html/wp-content/plugins/elementor/includes/autoloader.php on line 294

2021-04-10T14:18:40+00:00 CRITICAL require(): Failed opening required '/home/pakshopping/public_html/wp-content/plugins/elementor/modules/admin-bar/module.php' (include_path='.:/opt/alt/php74/usr/share/pear') in /home/pakshopping/public_html/wp-content/plugins/elementor/includes/autoloader.php on line 294

2021-04-10T14:19:03+00:00 CRITICAL require(): Failed opening required '/home/pakshopping/public_html/wp-content/plugins/elementor/core/admin/canary-deployment.php' (include_path='.:/opt/alt/php74/usr/share/pear') in /home/pakshopping/public_html/wp-content/plugins/elementor/includes/autoloader.php on line 294

2021-04-10T14:19:03+00:00 CRITICAL require(): Failed opening required '/home/pakshopping/public_html/wp-content/plugins/elementor/core/admin/canary-deployment.php' (include_path='.:/opt/alt/php74/usr/share/pear') in /home/pakshopping/public_html/wp-content/plugins/elementor/includes/autoloader.php on line 294

2021-04-10T14:19:03+00:00 CRITICAL require(): Failed opening required '/home/pakshopping/public_html/wp-content/plugins/elementor/core/admin/canary-deployment.php' (include_path='.:/opt/alt/php74/usr/share/pear') in /home/pakshopping/public_html/wp-content/plugins/elementor/includes/autoloader.php on line 294

2021-04-10T14:51:53+00:00 CRITICAL require_once(): Failed opening required '/home/pakshopping/public_html/wp-content/plugins/yith-woocommerce-wishlist/includes/data-stores/class.yith-wcwl-wishlist-data-store.php' (include_path='.:/opt/alt/php74/usr/share/pear') in /home/pakshopping/public_html/wp-content/plugins/yith-woocommerce-wishlist/init.php on line 91

