2021-04-08T15:42:11+00:00 CRITICAL require_once(): Failed opening required '/home/pakshopping/public_html/wp-content/plugins/woo-variation-swatches/includes/functions.php' (include_path='.:/opt/alt/php74/usr/share/pear') in /home/pakshopping/public_html/wp-content/plugins/woo-variation-swatches/woo-variation-swatches.php on line 69

2021-04-08T15:43:16+00:00 CRITICAL Uncaught Error: Interface 'WPSEO_Sitemap_Provider' not found in /home/pakshopping/public_html/wp-content/plugins/wordpress-seo/inc/sitemaps/class-post-type-sitemap-provider.php:13
Stack trace:
#0 /home/pakshopping/public_html/wp-content/plugins/wordpress-seo/vendor/composer/ClassLoader.php(444): include()
#1 /home/pakshopping/public_html/wp-content/plugins/wordpress-seo/vendor/composer/ClassLoader.php(322): Composer\Autoload\includeFile('/home/pakshoppi...')
#2 [internal function]: Composer\Autoload\ClassLoader->loadClass('WPSEO_Post_Type...')
#3 /home/pakshopping/public_html/wp-content/plugins/wordpress-seo/inc/sitemaps/class-sitemaps.php(122): spl_autoload_call('WPSEO_Post_Type...')
#4 /home/pakshopping/public_html/wp-includes/class-wp-hook.php(292): WPSEO_Sitemaps->init_sitemaps_providers('')
#5 /home/pakshopping/public_html/wp-includes/class-wp-hook.php(316): WP_Hook->apply_filters(NULL, Array)
#6 /home/pakshopping/public_html/wp-includes/plugin.php(484): WP_Hook->do_action(Array)
#7 /home/pakshopping/pub in /home/pakshopping/public_html/wp-content/plugins/wordpress-seo/inc/sitemaps/class-post-type-sitemap-provider.php on line 13

2021-04-08T15:43:16+00:00 CRITICAL Uncaught Error: Interface 'WPSEO_Sitemap_Provider' not found in /home/pakshopping/public_html/wp-content/plugins/wordpress-seo/inc/sitemaps/class-post-type-sitemap-provider.php:13
Stack trace:
#0 /home/pakshopping/public_html/wp-content/plugins/wordpress-seo/vendor/composer/ClassLoader.php(444): include()
#1 /home/pakshopping/public_html/wp-content/plugins/wordpress-seo/vendor/composer/ClassLoader.php(322): Composer\Autoload\includeFile('/home/pakshoppi...')
#2 [internal function]: Composer\Autoload\ClassLoader->loadClass('WPSEO_Post_Type...')
#3 /home/pakshopping/public_html/wp-content/plugins/wordpress-seo/inc/sitemaps/class-sitemaps.php(122): spl_autoload_call('WPSEO_Post_Type...')
#4 /home/pakshopping/public_html/wp-includes/class-wp-hook.php(292): WPSEO_Sitemaps->init_sitemaps_providers('')
#5 /home/pakshopping/public_html/wp-includes/class-wp-hook.php(316): WP_Hook->apply_filters(NULL, Array)
#6 /home/pakshopping/public_html/wp-includes/plugin.php(484): WP_Hook->do_action(Array)
#7 /home/pakshopping/pub in /home/pakshopping/public_html/wp-content/plugins/wordpress-seo/inc/sitemaps/class-post-type-sitemap-provider.php on line 13

2021-04-08T15:43:28+00:00 CRITICAL Uncaught Error: Class 'Yoast\WP\SEO\Integrations\Admin\HelpScout_Beacon' not found in /home/pakshopping/public_html/wp-content/plugins/wordpress-seo/src/loader.php:228
Stack trace:
#0 /home/pakshopping/public_html/wp-content/plugins/wordpress-seo/src/loader.php(197): Yoast\WP\SEO\Loader->conditionals_are_met('Yoast\\WP\\SEO\\In...')
#1 /home/pakshopping/public_html/wp-includes/class-wp-hook.php(292): Yoast\WP\SEO\Loader->load_integrations('')
#2 /home/pakshopping/public_html/wp-includes/class-wp-hook.php(316): WP_Hook->apply_filters(NULL, Array)
#3 /home/pakshopping/public_html/wp-includes/plugin.php(484): WP_Hook->do_action(Array)
#4 /home/pakshopping/public_html/wp-settings.php(560): do_action('init')
#5 /home/pakshopping/public_html/wp-config.php(80): require_once('/home/pakshoppi...')
#6 /home/pakshopping/public_html/wp-load.php(37): require_once('/home/pakshoppi...')
#7 /home/pakshopping/public_html/wp-admin/admin-ajax.php(22): require_once('/home/pakshoppi...')
#8 {main}
  thrown in /home/pakshopping/public_html/wp-content/plugins/wordpress-seo/src/loader.php on line 228

2021-04-08T15:43:50+00:00 CRITICAL require(): Failed opening required '/home/pakshopping/public_html/wp-content/plugins/woocommerce/packages/woocommerce-blocks/src/Payments/Integrations/PayPal.php' (include_path='.:/opt/alt/php74/usr/share/pear') in /home/pakshopping/public_html/wp-content/plugins/woocommerce/vendor/jetpack-autoloader/class-php-autoloader.php on line 87

