2021-04-08T16:34:29+00:00 NOTICE action_scheduler.queue_job :: MailChimp_WooCommerce_Cart_Update queued :: obj_id fc3fad6d702d4fefeb0e433fab6298bc
2021-04-08T16:34:36+00:00 NOTICE abandoned_cart.success :: email: mubeenjutt005@gmail.com :: checkout_url: https://www.pakshopping.com.pk/checkout/?mc_cart_id=fc3fad6d702d4fefeb0e433fab6298bc
2021-04-08T16:34:37+00:00 NOTICE cart.member.updated :: Updated mubeenjutt005@gmail.com subscriber status to subscribed and language to en
2021-04-08T16:34:43+00:00 NOTICE action_scheduler.queue_job :: MailChimp_WooCommerce_Single_Order starts in 90 seconds :: obj_id 12187
2021-04-08T16:34:46+00:00 NOTICE debug :: Order ID 12187 was pending and is now processing :: Array
(
    [new_order] => 1
    [tracking] => Array
        (
            [campaign_id] => 
            [landing_site] => https://www.pakshopping.com.pk/wp-admin/admin-ajax.php
        )

)

2021-04-08T16:37:37+00:00 NOTICE order.member.updated :: Updated mubeenjutt005@gmail.com subscriber status to subscribed and language to en
2021-04-08T16:37:37+00:00 NOTICE order_submit.success :: addStoreOrder :: #12187 :: email: mubeenjutt005@gmail.com :: landing site https://www.pakshopping.com.pk/wp-admin/admin-ajax.php :: abandoned cart deleted [fc3fad6d702d4fefeb0e433fab6298bc]
2021-04-08T17:57:08+00:00 NOTICE action_scheduler.queue_job :: MailChimp_WooCommerce_Single_Order starts in 90 seconds :: obj_id 12187
2021-04-08T17:59:55+00:00 NOTICE order.member.updated :: Updated mubeenjutt005@gmail.com subscriber status to subscribed and language to 
2021-04-08T17:59:55+00:00 NOTICE order_submit.success :: updateStoreOrder :: #12187 :: email: mubeenjutt005@gmail.com
2021-04-08T18:01:24+00:00 NOTICE action_scheduler.queue_job :: MailChimp_WooCommerce_Cart_Update queued :: obj_id fc3fad6d702d4fefeb0e433fab6298bc
2021-04-08T18:01:39+00:00 NOTICE abandoned_cart.success :: email: mubeenjutt005@gmail.com :: checkout_url: https://www.pakshopping.com.pk/checkout/?mc_cart_id=fc3fad6d702d4fefeb0e433fab6298bc
2021-04-08T18:01:39+00:00 NOTICE cart.member.updated :: Updated mubeenjutt005@gmail.com subscriber status to subscribed and language to en
2021-04-08T18:01:50+00:00 NOTICE action_scheduler.queue_job :: MailChimp_WooCommerce_Cart_Update queued :: obj_id fc3fad6d702d4fefeb0e433fab6298bc
2021-04-08T18:01:52+00:00 NOTICE abandoned_cart.success :: email: mubeenjutt005@gmail.com :: checkout_url: https://www.pakshopping.com.pk/checkout/?mc_cart_id=fc3fad6d702d4fefeb0e433fab6298bc
2021-04-08T18:02:29+00:00 NOTICE action_scheduler.queue_job :: MailChimp_WooCommerce_Single_Order starts in 90 seconds :: obj_id 12188
2021-04-08T18:02:39+00:00 NOTICE debug :: Order ID 12188 was pending and is now processing :: Array
(
    [new_order] => 1
    [tracking] => Array
        (
            [campaign_id] => 
            [landing_site] => https://www.pakshopping.com.pk/?wc-ajax=get_refreshed_fragments
        )

)

2021-04-08T18:04:17+00:00 NOTICE order.member.updated :: Updated mubeenjutt005@gmail.com subscriber status to subscribed and language to en
2021-04-08T18:04:17+00:00 NOTICE order_submit.success :: addStoreOrder :: #12188 :: email: mubeenjutt005@gmail.com :: landing site https://www.pakshopping.com.pk/?wc-ajax=get_refreshed_fragments :: abandoned cart deleted [fc3fad6d702d4fefeb0e433fab6298bc]
2021-04-08T18:10:14+00:00 NOTICE action_scheduler.queue_job :: MailChimp_WooCommerce_Single_Order starts in 90 seconds :: obj_id 12188
2021-04-08T18:10:19+00:00 NOTICE debug :: Order ID 12188 was processing and is now completed :: Array
(
    [new_order] => 
    [tracking] => 
)

2021-04-08T18:13:12+00:00 NOTICE order.member.updated :: Updated mubeenjutt005@gmail.com subscriber status to subscribed and language to 
2021-04-08T18:13:12+00:00 NOTICE order_submit.success :: updateStoreOrder :: #12188 :: email: mubeenjutt005@gmail.com
2021-04-08T18:16:42+00:00 NOTICE sync_store :: posting data :: Array
(
    [store_post] => Array
        (
            [id] => 606b272ae784b
            [is_syncing] => 
            [platform] => woocommerce
            [list_id] => 1a16145e2b
            [name] => Pak Shopping | Clothing & Footwear
            [domain] => https://www.pakshopping.com.pk
            [email_address] => pakshoppingltd@gmail.com
            [currency_code] => PKR
            [money_format] => ₨
            [primary_locale] => en_US
            [timezone] => +05:00
            [phone] => +923157731171
            [address] => Array
                (
                    [address1] => Wahdat Road
                    [city] => Lahore
                    [province] => PB
                    [postal_code] => 54000
                    [country] => PK
                    [country_code] => PK
                    [phone] => +923157731171
                    [company] => Pak Shopping | Clothing & Footwear
                )

        )

)

2021-04-08T18:42:20+00:00 NOTICE action_scheduler.queue_job :: MailChimp_WooCommerce_User_Submit queued :: obj_id 1
2021-04-08T18:43:29+00:00 NOTICE member.sync :: Updated Member pakshoppingltd@gmail.com ( merge fields only ) :: Array
(
    [merge_fields] => Array
        (
            [FNAME] => Mubeen
            [LNAME] => Khalid
        )

)

